<?xml version="1.0" encoding="UTF-8"?>
<!-- Generated by org.testng.reporters.JUnitXMLReporter -->
<testsuite ignored="0" hostname="SeenaReddy" failures="0" tests="7" name="MyTestResults1.0" time="61.02" errors="0" timestamp="2023-02-08T20:13:18 CST">
  <testcase classname="testNG.CollegeWeekLive" name="f" time="8.169"/>
  <testcase classname="testNG.TTD_Webpage_Assignment5" name="f" time="14.923"/>
  <testcase classname="testNG.VerifyIsSelectedOrNot" name="f" time="15.33"/>
  <testcase classname="testNG.GetAllHyperLinksFromGooglePage" name="f" time="3.917"/>
  <testcase classname="testNG.FB_GenderTest" name="f" time="6.771"/>
  <testcase classname="testNG.VerifyObjectByUsingSizeMethod" name="f" time="6.76"/>
  <testcase classname="testNG.BlazeDemo_Assignment9" name="f" time="5.107"/>
</testsuite> <!-- MyTestResults1.0 -->
