<?xml version="1.0" encoding="UTF-8"?>
<testng-results ignored="0" total="1" passed="1" failed="0" skipped="0">
  <reporter-output>
  </reporter-output>
  <suite started-at="2023-02-10T19:54:10 CST" name="Default suite" finished-at="2023-02-10T19:54:16 CST" duration-ms="5756">
    <groups>
    </groups>
    <test started-at="2023-02-10T19:54:10 CST" name="Default test" finished-at="2023-02-10T19:54:16 CST" duration-ms="5756">
      <class name="testNG.ZonalLink">
        <test-method signature="f()[pri:0, instance:testNG.ZonalLink@12aba8be]" started-at="2023-02-10T19:54:10 CST" name="f" finished-at="2023-02-10T19:54:16 CST" duration-ms="5715" status="PASS">
          <reporter-output>
          </reporter-output>
        </test-method> <!-- f -->
      </class> <!-- testNG.ZonalLink -->
    </test> <!-- Default test -->
  </suite> <!-- Default suite -->
</testng-results>
